2019-12-13 10:24:00.353 INFO [restartedMain]com.example.demo.DemoApplication.logStarting:50 -Starting DemoApplication on DESKTOP-BRFCOML with PID 11924 (D:\Dream\SpringBoot\demo\target\classes started by leishen in D:\Dream\SpringBoot\demo)
2019-12-13 10:24:00.353 INFO [restartedMain]com.example.demo.DemoApplication.logStartupProfileInfo:663 -The following profiles are active: pro
2019-12-13 10:24:00.433 INFO [restartedMain]o.s.b.w.s.c.AnnotationConfigServletWebServerApplicationContext.prepareRefresh:590 -Refreshing org.springframework.boot.web.servlet.context.AnnotationConfigServletWebServerApplicationContext@196c5535: startup date [Fri Dec 13 10:24:00 CST 2019]; root of context hierarchy
2019-12-13 10:24:02.953 INFO [restartedMain]o.s.d.repository.config.RepositoryConfigurationDelegate.multipleStoresDetected:163 -Multiple Spring Data modules found, entering strict repository configuration mode!
2019-12-13 10:24:03.023 INFO [restartedMain]o.s.d.repository.config.RepositoryConfigurationDelegate.multipleStoresDetected:163 -Multiple Spring Data modules found, entering strict repository configuration mode!
2019-12-13 10:24:03.043 INFO [restartedMain]o.s.d.r.config.RepositoryConfigurationExtensionSupport.isStrictRepositoryCandidate:297 -Spring Data Redis - Could not safely identify store assignment for repository candidate interface com.example.demo.repository.ArticleRepository.
2019-12-13 10:24:03.695 INFO [restartedMain]o.s.c.s.PostProcessorRegistrationDelegate$BeanPostProcessorChecker.postProcessAfterInitialization:328 -Bean 'org.springframework.transaction.annotation.ProxyTransactionManagementConfiguration' of type [org.springframework.transaction.annotation.ProxyTransactionManagementConfiguration$$EnhancerBySpringCGLIB$$ffb39fc0] is not eligible for getting processed by all BeanPostProcessors (for example: not eligible for auto-proxying)
2019-12-13 10:24:04.962 INFO [restartedMain]o.s.boot.web.embedded.tomcat.TomcatWebServer.initialize:91 -Tomcat initialized with port(s): 8080 (http)
2019-12-13 10:24:04.998 INFO [restartedMain]org.apache.coyote.http11.Http11NioProtocol.log:180 -Initializing ProtocolHandler ["http-nio-8080"]
2019-12-13 10:24:05.008 INFO [restartedMain]org.apache.catalina.core.StandardService.log:180 -Starting service [Tomcat]
2019-12-13 10:24:05.018 INFO [restartedMain]org.apache.catalina.core.StandardEngine.log:180 -Starting Servlet Engine: Apache Tomcat/8.5.29
2019-12-13 10:24:05.028 INFO [localhost-startStop-1]org.apache.catalina.core.AprLifecycleListener.log:180 -The APR based Apache Tomcat Native library which allows optimal performance in production environments was not found on the java.library.path: [F:\DevelopmentTool\JDK\jdk8\bin;C:\WINDOWS\Sun\Java\bin;C:\WINDOWS\system32;C:\WINDOWS;F:/DevelopmentTool/JDK/jdk8/jre/bin/server;F:/DevelopmentTool/JDK/jdk8/jre/bin;F:/DevelopmentTool/JDK/jdk8/jre/lib/amd64;D:\Program Files (x86)\NetSarang\Xlpd 6\;D:\Program Files (x86)\NetSarang\Xftp 6\;D:\Program Files (x86)\NetSarang\Xshell 6\;D:\Program Files (x86)\NetSarang\Xmanager 6\;C:\ProgramData\Oracle\Java\javapath;C:\WINDOWS\system32;C:\WINDOWS;C:\WINDOWS\System32\Wbem;C:\WINDOWS\System32\WindowsPowerShell\v1.0\;C:\WINDOWS\System32\OpenSSH\;C:\Program Files\Git\cmd;C:\Program Files\nodejs\;D:\Dream\Maven\apache-maven-3.3.9\bin;;D:\Program Files\Microsoft VS Code\bin;C:\Users\leishen\AppData\Local\Microsoft\WindowsApps;C:\Users\leishen\AppData\Local\GitHubDesktop\bin;C:\Users\leishen\AppData\Roaming\npm;%USERPROFILE%\AppData\Local\Microsoft\WindowsApps;;F:\DevelopmentTool\Eclipse\eclipse2017\eclipse;;.]
2019-12-13 10:24:05.198 INFO [localhost-startStop-1]o.a.catalina.core.ContainerBase.[Tomcat].[localhost].[/].log:180 -Initializing Spring embedded WebApplicationContext
2019-12-13 10:24:05.198 INFO [localhost-startStop-1]org.springframework.web.context.ContextLoader.prepareWebApplicationContext:285 -Root WebApplicationContext: initialization completed in 4765 ms
2019-12-13 10:24:06.998 INFO [localhost-startStop-1]org.elasticsearch.plugins.PluginsService.logPluginInfo:176 -no modules loaded
2019-12-13 10:24:07.008 INFO [localhost-startStop-1]org.elasticsearch.plugins.PluginsService.logPluginInfo:179 -loaded plugin [org.elasticsearch.index.reindex.ReindexPlugin]
2019-12-13 10:24:07.009 INFO [localhost-startStop-1]org.elasticsearch.plugins.PluginsService.logPluginInfo:179 -loaded plugin [org.elasticsearch.join.ParentJoinPlugin]
2019-12-13 10:24:07.009 INFO [localhost-startStop-1]org.elasticsearch.plugins.PluginsService.logPluginInfo:179 -loaded plugin [org.elasticsearch.percolator.PercolatorPlugin]
2019-12-13 10:24:07.009 INFO [localhost-startStop-1]org.elasticsearch.plugins.PluginsService.logPluginInfo:179 -loaded plugin [org.elasticsearch.script.mustache.MustachePlugin]
2019-12-13 10:24:07.009 INFO [localhost-startStop-1]org.elasticsearch.plugins.PluginsService.logPluginInfo:179 -loaded plugin [org.elasticsearch.transport.Netty3Plugin]
2019-12-13 10:24:07.009 INFO [localhost-startStop-1]org.elasticsearch.plugins.PluginsService.logPluginInfo:179 -loaded plugin [org.elasticsearch.transport.Netty4Plugin]
2019-12-13 10:24:08.129 INFO [localhost-startStop-1]io.netty.util.internal.PlatformDependent.info:104 -Your platform does not provide complete low-level API for accessing direct buffers reliably. Unless explicitly requested, heap buffer will always be preferred to avoid potential system instability.
2019-12-13 10:24:09.015 INFO [localhost-startStop-1]o.s.data.elasticsearch.client.TransportClientFactoryBean.buildClient:98 -adding transport node : localhost:9300
2019-12-13 10:24:13.015 INFO [localhost-startStop-1]o.s.boot.web.servlet.ServletRegistrationBean.addRegistration:185 -Servlet dispatcherServlet mapped to [/]
2019-12-13 10:24:13.022 INFO [localhost-startStop-1]o.s.boot.web.servlet.ServletRegistrationBean.addRegistration:185 -Servlet userServlet mapped to [/userservlet]
2019-12-13 10:24:13.023 INFO [localhost-startStop-1]o.s.boot.web.servlet.FilterRegistrationBean.configure:244 -Mapping filter: 'characterEncodingFilter' to: [/*]
2019-12-13 10:24:13.023 INFO [localhost-startStop-1]o.s.boot.web.servlet.FilterRegistrationBean.configure:244 -Mapping filter: 'hiddenHttpMethodFilter' to: [/*]
2019-12-13 10:24:13.023 INFO [localhost-startStop-1]o.s.boot.web.servlet.FilterRegistrationBean.configure:244 -Mapping filter: 'httpPutFormContentFilter' to: [/*]
2019-12-13 10:24:13.023 INFO [localhost-startStop-1]o.s.boot.web.servlet.FilterRegistrationBean.configure:244 -Mapping filter: 'requestContextFilter' to: [/*]
2019-12-13 10:24:13.023 INFO [localhost-startStop-1]o.s.boot.web.servlet.FilterRegistrationBean.configure:244 -Mapping filter: 'httpTraceFilter' to: [/*]
2019-12-13 10:24:13.023 INFO [localhost-startStop-1]o.s.boot.web.servlet.FilterRegistrationBean.configure:244 -Mapping filter: 'webMvcMetricsFilter' to: [/*]
2019-12-13 10:24:13.593 INFO [restartedMain]o.s.web.servlet.handler.SimpleUrlHandlerMapping.registerHandler:373 -Mapped URL path [/**/favicon.ico] onto handler of type [class org.springframework.web.servlet.resource.ResourceHttpRequestHandler]
2019-12-13 10:24:14.123 INFO [restartedMain]o.s.w.s.m.method.annotation.RequestMappingHandlerAdapter.initControllerAdviceCache:574 -Looking for @ControllerAdvice: org.springframework.boot.web.servlet.context.AnnotationConfigServletWebServerApplicationContext@196c5535: startup date [Fri Dec 13 10:24:00 CST 2019]; root of context hierarchy
2019-12-13 10:24:14.210 INFO [restartedMain]o.s.w.s.m.method.annotation.RequestMappingHandlerMapping.register:547 -Mapped "{[/async/test2]}" onto public java.lang.Object com.example.demo.controller.AsyncTaskController.test2() throws java.lang.InterruptedException,java.util.concurrent.ExecutionException
2019-12-13 10:24:14.210 INFO [restartedMain]o.s.w.s.m.method.annotation.RequestMappingHandlerMapping.register:547 -Mapped "{[/async/test1]}" onto public java.lang.Object com.example.demo.controller.AsyncTaskController.test1() throws java.lang.InterruptedException
2019-12-13 10:24:14.210 INFO [restartedMain]o.s.w.s.m.method.annotation.RequestMappingHandlerMapping.register:547 -Mapped "{[/ext/test2]}" onto public java.lang.Object com.example.demo.controller.ExceptionController.test2()
2019-12-13 10:24:14.210 INFO [restartedMain]o.s.w.s.m.method.annotation.RequestMappingHandlerMapping.register:547 -Mapped "{[/ext/test1]}" onto public java.lang.Object com.example.demo.controller.ExceptionController.test1()
2019-12-13 10:24:14.210 INFO [restartedMain]o.s.w.s.m.method.annotation.RequestMappingHandlerMapping.register:547 -Mapped "{[/fm/index]}" onto public java.lang.Object com.example.demo.controller.FreemarkerController.index(org.springframework.ui.ModelMap)
2019-12-13 10:24:14.220 INFO [restartedMain]o.s.w.s.m.method.annotation.RequestMappingHandlerMapping.register:547 -Mapped "{[/get/test2],methods=[GET]}" onto public java.lang.String com.example.demo.controller.GetController.test2()
2019-12-13 10:24:14.220 INFO [restartedMain]o.s.w.s.m.method.annotation.RequestMappingHandlerMapping.register:547 -Mapped "{[/get/test1],methods=[GET]}" onto public java.lang.String com.example.demo.controller.GetController.test1()
2019-12-13 10:24:14.220 INFO [restartedMain]o.s.w.s.m.method.annotation.RequestMappingHandlerMapping.register:547 -Mapped "{[/get/headerinfo],methods=[GET]}" onto public java.lang.Object com.example.demo.controller.GetController.headerinfo(java.lang.String,java.lang.String)
2019-12-13 10:24:14.220 INFO [restartedMain]o.s.w.s.m.method.annotation.RequestMappingHandlerMapping.register:547 -Mapped "{[/get/test3],methods=[GET]}" onto public java.lang.Object com.example.demo.controller.GetController.test3(int,int)
2019-12-13 10:24:14.220 INFO [restartedMain]o.s.w.s.m.method.annotation.RequestMappingHandlerMapping.register:547 -Mapped "{[/get/{city_id}/{user_id}],methods=[GET]}" onto public java.lang.Object com.example.demo.controller.GetController.findUser(java.lang.String,java.lang.String)
2019-12-13 10:24:14.220 INFO [restartedMain]o.s.w.s.m.method.annotation.RequestMappingHandlerMapping.register:547 -Mapped "{[/get/saveuser],methods=[GET]}" onto public java.lang.Object com.example.demo.controller.GetController.savaUser(com.example.demo.domain.User)
2019-12-13 10:24:14.220 INFO [restartedMain]o.s.w.s.m.method.annotation.RequestMappingHandlerMapping.register:547 -Mapped "{[/get/requestparams],methods=[GET]}" onto public java.lang.Object com.example.demo.controller.GetController.requestparams(org.apache.catalina.servlet4preview.http.HttpServletRequest)
2019-12-13 10:24:14.220 INFO [restartedMain]o.s.w.s.m.method.annotation.RequestMappingHandlerMapping.register:547 -Mapped "{[/]}" onto public java.lang.String com.example.demo.controller.HelloController.hello()
2019-12-13 10:24:14.220 INFO [restartedMain]o.s.w.s.m.method.annotation.RequestMappingHandlerMapping.register:547 -Mapped "{[/other/testjson],methods=[GET]}" onto public java.lang.Object com.example.demo.controller.OtherController.testjson()
2019-12-13 10:24:14.220 INFO [restartedMain]o.s.w.s.m.method.annotation.RequestMappingHandlerMapping.register:547 -Mapped "{[/sse/test],produces=[text/event-stream;charset=UTF-8]}" onto public java.lang.Object com.example.demo.controller.ServerSendEventController.test() throws java.lang.InterruptedException
2019-12-13 10:24:14.220 INFO [restartedMain]o.s.w.s.m.method.annotation.RequestMappingHandlerMapping.register:547 -Mapped "{[/index]}" onto public java.lang.String com.example.demo.controller.ThymeleafController.index(org.springframework.ui.Model)
2019-12-13 10:24:14.220 INFO [restartedMain]o.s.w.s.m.method.annotation.RequestMappingHandlerMapping.register:547 -Mapped "{[/upload],methods=[POST]}" onto public java.lang.Object com.example.demo.controller.UploadController.upload(org.springframework.web.multipart.MultipartFile,javax.servlet.http.HttpServletRequest)
2019-12-13 10:24:14.230 INFO [restartedMain]o.s.w.s.m.method.annotation.RequestMappingHandlerMapping.register:547 -Mapped "{[/user/add],methods=[POST]}" onto public java.lang.Object com.example.demo.controller.UserController.add(com.example.demo.entity.User)
2019-12-13 10:24:14.230 INFO [restartedMain]o.s.w.s.m.method.annotation.RequestMappingHandlerMapping.register:547 -Mapped "{[/user/update],methods=[POST]}" onto public java.lang.Object com.example.demo.controller.UserController.update(com.example.demo.entity.User)
2019-12-13 10:24:14.230 INFO [restartedMain]o.s.w.s.m.method.annotation.RequestMappingHandlerMapping.register:547 -Mapped "{[/user/delete],methods=[POST]}" onto public java.lang.Object com.example.demo.controller.UserController.delete(long)
2019-12-13 10:24:14.230 INFO [restartedMain]o.s.w.s.m.method.annotation.RequestMappingHandlerMapping.register:547 -Mapped "{[/user/findAll]}" onto public java.lang.Object com.example.demo.controller.UserController.findAll()
2019-12-13 10:24:14.230 INFO [restartedMain]o.s.w.s.m.method.annotation.RequestMappingHandlerMapping.register:547 -Mapped "{[/user/findById]}" onto public java.lang.Object com.example.demo.controller.UserController.findById(long)
2019-12-13 10:24:14.230 INFO [restartedMain]o.s.w.s.m.method.annotation.RequestMappingHandlerMapping.register:547 -Mapped "{[/webflux/test2],methods=[GET]}" onto public reactor.core.publisher.Flux<com.example.demo.domain.User> com.example.demo.controller.WebFluxController.test2()
2019-12-13 10:24:14.230 INFO [restartedMain]o.s.w.s.m.method.annotation.RequestMappingHandlerMapping.register:547 -Mapped "{[/webflux/test1],methods=[GET]}" onto public reactor.core.publisher.Mono<com.example.demo.domain.User> com.example.demo.controller.WebFluxController.test1()
2019-12-13 10:24:14.230 INFO [restartedMain]o.s.w.s.m.method.annotation.RequestMappingHandlerMapping.register:547 -Mapped "{[/webflux/test3],methods=[GET],produces=[application/stream+json]}" onto public reactor.core.publisher.Flux<com.example.demo.domain.User> com.example.demo.controller.WebFluxController.test3()
2019-12-13 10:24:14.230 INFO [restartedMain]o.s.w.s.m.method.annotation.RequestMappingHandlerMapping.register:547 -Mapped "{[/error]}" onto public org.springframework.http.ResponseEntity<java.util.Map<java.lang.String, java.lang.Object>> org.springframework.boot.autoconfigure.web.servlet.error.BasicErrorController.error(javax.servlet.http.HttpServletRequest)
2019-12-13 10:24:14.230 INFO [restartedMain]o.s.w.s.m.method.annotation.RequestMappingHandlerMapping.register:547 -Mapped "{[/error],produces=[text/html]}" onto public org.springframework.web.servlet.ModelAndView org.springframework.boot.autoconfigure.web.servlet.error.BasicErrorController.errorHtml(javax.servlet.http.HttpServletRequest,javax.servlet.http.HttpServletResponse)
2019-12-13 10:24:14.270 INFO [restartedMain]o.s.web.servlet.handler.SimpleUrlHandlerMapping.registerHandler:373 -Mapped URL path [/webjars/**] onto handler of type [class org.springframework.web.servlet.resource.ResourceHttpRequestHandler]
2019-12-13 10:24:14.270 INFO [restartedMain]o.s.web.servlet.handler.SimpleUrlHandlerMapping.registerHandler:373 -Mapped URL path [/**] onto handler of type [class org.springframework.web.servlet.resource.ResourceHttpRequestHandler]
2019-12-13 10:24:14.410 WARN [restartedMain]org.thymeleaf.templatemode.TemplateMode.parse:150 -[THYMELEAF][restartedMain] Template Mode 'HTML5' is deprecated. Using Template Mode 'HTML' instead.
2019-12-13 10:24:14.490 INFO [restartedMain]o.s.b.a.web.servlet.WelcomePageHandlerMapping.<init>:61 -Adding welcome page template: index
2019-12-13 10:24:14.953 INFO [restartedMain]o.s.web.servlet.view.freemarker.FreeMarkerConfigurer.postProcessTemplateLoaders:131 -ClassTemplateLoader for Spring macros added to FreeMarker configuration
2019-12-13 10:24:15.303 INFO [restartedMain]o.s.boot.devtools.autoconfigure.OptionalLiveReloadServer.startServer:57 -LiveReload server is running on port 35729
2019-12-13 10:24:15.325 INFO [restartedMain]o.s.boot.actuate.endpoint.web.EndpointLinksResolver.<init>:59 -Exposing 14 endpoint(s) beneath base path '/actuator'
2019-12-13 10:24:15.335 INFO [restartedMain]o.s.b.a.e.web.servlet.WebMvcEndpointHandlerMapping.register:547 -Mapped "{[/actuator/auditevents],methods=[GET],produces=[application/vnd.spring-boot.actuator.v2+json || application/json]}" onto public java.lang.Object org.springframework.boot.actuate.endpoint.web.servlet.AbstractWebMvcEndpointHandlerMapping$OperationHandler.handle(javax.servlet.http.HttpServletRequest,java.util.Map<java.lang.String, java.lang.String>)
2019-12-13 10:24:15.335 INFO [restartedMain]o.s.b.a.e.web.servlet.WebMvcEndpointHandlerMapping.register:547 -Mapped "{[/actuator/beans],methods=[GET],produces=[application/vnd.spring-boot.actuator.v2+json || application/json]}" onto public java.lang.Object org.springframework.boot.actuate.endpoint.web.servlet.AbstractWebMvcEndpointHandlerMapping$OperationHandler.handle(javax.servlet.http.HttpServletRequest,java.util.Map<java.lang.String, java.lang.String>)
2019-12-13 10:24:15.345 INFO [restartedMain]o.s.b.a.e.web.servlet.WebMvcEndpointHandlerMapping.register:547 -Mapped "{[/actuator/health],methods=[GET],produces=[application/vnd.spring-boot.actuator.v2+json || application/json]}" onto public java.lang.Object org.springframework.boot.actuate.endpoint.web.servlet.AbstractWebMvcEndpointHandlerMapping$OperationHandler.handle(javax.servlet.http.HttpServletRequest,java.util.Map<java.lang.String, java.lang.String>)
2019-12-13 10:24:15.345 INFO [restartedMain]o.s.b.a.e.web.servlet.WebMvcEndpointHandlerMapping.register:547 -Mapped "{[/actuator/conditions],methods=[GET],produces=[application/vnd.spring-boot.actuator.v2+json || application/json]}" onto public java.lang.Object org.springframework.boot.actuate.endpoint.web.servlet.AbstractWebMvcEndpointHandlerMapping$OperationHandler.handle(javax.servlet.http.HttpServletRequest,java.util.Map<java.lang.String, java.lang.String>)
2019-12-13 10:24:15.345 INFO [restartedMain]o.s.b.a.e.web.servlet.WebMvcEndpointHandlerMapping.register:547 -Mapped "{[/actuator/configprops],methods=[GET],produces=[application/vnd.spring-boot.actuator.v2+json || application/json]}" onto public java.lang.Object org.springframework.boot.actuate.endpoint.web.servlet.AbstractWebMvcEndpointHandlerMapping$OperationHandler.handle(javax.servlet.http.HttpServletRequest,java.util.Map<java.lang.String, java.lang.String>)
2019-12-13 10:24:15.345 INFO [restartedMain]o.s.b.a.e.web.servlet.WebMvcEndpointHandlerMapping.register:547 -Mapped "{[/actuator/env],methods=[GET],produces=[application/vnd.spring-boot.actuator.v2+json || application/json]}" onto public java.lang.Object org.springframework.boot.actuate.endpoint.web.servlet.AbstractWebMvcEndpointHandlerMapping$OperationHandler.handle(javax.servlet.http.HttpServletRequest,java.util.Map<java.lang.String, java.lang.String>)
2019-12-13 10:24:15.345 INFO [restartedMain]o.s.b.a.e.web.servlet.WebMvcEndpointHandlerMapping.register:547 -Mapped "{[/actuator/env/{toMatch}],methods=[GET],produces=[application/vnd.spring-boot.actuator.v2+json || application/json]}" onto public java.lang.Object org.springframework.boot.actuate.endpoint.web.servlet.AbstractWebMvcEndpointHandlerMapping$OperationHandler.handle(javax.servlet.http.HttpServletRequest,java.util.Map<java.lang.String, java.lang.String>)
2019-12-13 10:24:15.345 INFO [restartedMain]o.s.b.a.e.web.servlet.WebMvcEndpointHandlerMapping.register:547 -Mapped "{[/actuator/info],methods=[GET],produces=[application/vnd.spring-boot.actuator.v2+json || application/json]}" onto public java.lang.Object org.springframework.boot.actuate.endpoint.web.servlet.AbstractWebMvcEndpointHandlerMapping$OperationHandler.handle(javax.servlet.http.HttpServletRequest,java.util.Map<java.lang.String, java.lang.String>)
2019-12-13 10:24:15.345 INFO [restartedMain]o.s.b.a.e.web.servlet.WebMvcEndpointHandlerMapping.register:547 -Mapped "{[/actuator/loggers],methods=[GET],produces=[application/vnd.spring-boot.actuator.v2+json || application/json]}" onto public java.lang.Object org.springframework.boot.actuate.endpoint.web.servlet.AbstractWebMvcEndpointHandlerMapping$OperationHandler.handle(javax.servlet.http.HttpServletRequest,java.util.Map<java.lang.String, java.lang.String>)
2019-12-13 10:24:15.345 INFO [restartedMain]o.s.b.a.e.web.servlet.WebMvcEndpointHandlerMapping.register:547 -Mapped "{[/actuator/loggers/{name}],methods=[POST],consumes=[application/vnd.spring-boot.actuator.v2+json || application/json]}" onto public java.lang.Object org.springframework.boot.actuate.endpoint.web.servlet.AbstractWebMvcEndpointHandlerMapping$OperationHandler.handle(javax.servlet.http.HttpServletRequest,java.util.Map<java.lang.String, java.lang.String>)
2019-12-13 10:24:15.345 INFO [restartedMain]o.s.b.a.e.web.servlet.WebMvcEndpointHandlerMapping.register:547 -Mapped "{[/actuator/loggers/{name}],methods=[GET],produces=[application/vnd.spring-boot.actuator.v2+json || application/json]}" onto public java.lang.Object org.springframework.boot.actuate.endpoint.web.servlet.AbstractWebMvcEndpointHandlerMapping$OperationHandler.handle(javax.servlet.http.HttpServletRequest,java.util.Map<java.lang.String, java.lang.String>)
2019-12-13 10:24:15.345 INFO [restartedMain]o.s.b.a.e.web.servlet.WebMvcEndpointHandlerMapping.register:547 -Mapped "{[/actuator/heapdump],methods=[GET],produces=[application/octet-stream]}" onto public java.lang.Object org.springframework.boot.actuate.endpoint.web.servlet.AbstractWebMvcEndpointHandlerMapping$OperationHandler.handle(javax.servlet.http.HttpServletRequest,java.util.Map<java.lang.String, java.lang.String>)
2019-12-13 10:24:15.345 INFO [restartedMain]o.s.b.a.e.web.servlet.WebMvcEndpointHandlerMapping.register:547 -Mapped "{[/actuator/threaddump],methods=[GET],produces=[application/vnd.spring-boot.actuator.v2+json || application/json]}" onto public java.lang.Object org.springframework.boot.actuate.endpoint.web.servlet.AbstractWebMvcEndpointHandlerMapping$OperationHandler.handle(javax.servlet.http.HttpServletRequest,java.util.Map<java.lang.String, java.lang.String>)
2019-12-13 10:24:15.345 INFO [restartedMain]o.s.b.a.e.web.servlet.WebMvcEndpointHandlerMapping.register:547 -Mapped "{[/actuator/metrics/{requiredMetricName}],methods=[GET],produces=[application/vnd.spring-boot.actuator.v2+json || application/json]}" onto public java.lang.Object org.springframework.boot.actuate.endpoint.web.servlet.AbstractWebMvcEndpointHandlerMapping$OperationHandler.handle(javax.servlet.http.HttpServletRequest,java.util.Map<java.lang.String, java.lang.String>)
2019-12-13 10:24:15.345 INFO [restartedMain]o.s.b.a.e.web.servlet.WebMvcEndpointHandlerMapping.register:547 -Mapped "{[/actuator/metrics],methods=[GET],produces=[application/vnd.spring-boot.actuator.v2+json || application/json]}" onto public java.lang.Object org.springframework.boot.actuate.endpoint.web.servlet.AbstractWebMvcEndpointHandlerMapping$OperationHandler.handle(javax.servlet.http.HttpServletRequest,java.util.Map<java.lang.String, java.lang.String>)
2019-12-13 10:24:15.345 INFO [restartedMain]o.s.b.a.e.web.servlet.WebMvcEndpointHandlerMapping.register:547 -Mapped "{[/actuator/scheduledtasks],methods=[GET],produces=[application/vnd.spring-boot.actuator.v2+json || application/json]}" onto public java.lang.Object org.springframework.boot.actuate.endpoint.web.servlet.AbstractWebMvcEndpointHandlerMapping$OperationHandler.handle(javax.servlet.http.HttpServletRequest,java.util.Map<java.lang.String, java.lang.String>)
2019-12-13 10:24:15.355 INFO [restartedMain]o.s.b.a.e.web.servlet.WebMvcEndpointHandlerMapping.register:547 -Mapped "{[/actuator/httptrace],methods=[GET],produces=[application/vnd.spring-boot.actuator.v2+json || application/json]}" onto public java.lang.Object org.springframework.boot.actuate.endpoint.web.servlet.AbstractWebMvcEndpointHandlerMapping$OperationHandler.handle(javax.servlet.http.HttpServletRequest,java.util.Map<java.lang.String, java.lang.String>)
2019-12-13 10:24:15.355 INFO [restartedMain]o.s.b.a.e.web.servlet.WebMvcEndpointHandlerMapping.register:547 -Mapped "{[/actuator/mappings],methods=[GET],produces=[application/vnd.spring-boot.actuator.v2+json || application/json]}" onto public java.lang.Object org.springframework.boot.actuate.endpoint.web.servlet.AbstractWebMvcEndpointHandlerMapping$OperationHandler.handle(javax.servlet.http.HttpServletRequest,java.util.Map<java.lang.String, java.lang.String>)
2019-12-13 10:24:15.355 INFO [restartedMain]o.s.b.a.e.web.servlet.WebMvcEndpointHandlerMapping.register:547 -Mapped "{[/actuator],methods=[GET],produces=[application/vnd.spring-boot.actuator.v2+json || application/json]}" onto protected java.util.Map<java.lang.String, java.util.Map<java.lang.String, org.springframework.boot.actuate.endpoint.web.Link>> org.springframework.boot.actuate.endpoint.web.servlet.WebMvcEndpointHandlerMapping.links(javax.servlet.http.HttpServletRequest,javax.servlet.http.HttpServletResponse)
2019-12-13 10:24:15.435 INFO [restartedMain]o.s.jmx.export.annotation.AnnotationMBeanExporter.afterSingletonsInstantiated:433 -Registering beans for JMX exposure on startup
2019-12-13 10:24:15.445 INFO [restartedMain]o.s.jmx.export.annotation.AnnotationMBeanExporter.autodetect:895 -Bean with name 'dataSource' has been autodetected for JMX exposure
2019-12-13 10:24:15.455 INFO [restartedMain]o.s.jmx.export.annotation.AnnotationMBeanExporter.registerBeanInstance:668 -Located MBean 'dataSource': registering with JMX server as MBean [com.alibaba.druid.pool:name=dataSource,type=DruidDataSource]
2019-12-13 10:24:15.455 INFO [restartedMain]o.s.context.support.DefaultLifecycleProcessor.start:351 -Starting beans in phase 2147483647
2019-12-13 10:24:15.485 INFO [restartedMain]org.apache.coyote.http11.Http11NioProtocol.log:180 -Starting ProtocolHandler ["http-nio-8080"]
2019-12-13 10:24:15.485 INFO [restartedMain]org.apache.tomcat.util.net.NioSelectorPool.log:180 -Using a shared selector for servlet write/read
2019-12-13 10:24:15.515 INFO [restartedMain]o.s.boot.web.embedded.tomcat.TomcatWebServer.start:206 -Tomcat started on port(s): 8080 (http) with context path ''
2019-12-13 10:24:15.515 INFO [restartedMain]com.example.demo.DemoApplication.logStarted:59 -Started DemoApplication in 15.732 seconds (JVM running for 16.763)
2019-12-13 10:24:59.436 INFO [Thread-9]o.s.b.w.s.c.AnnotationConfigServletWebServerApplicationContext.doClose:993 -Closing org.springframework.boot.web.servlet.context.AnnotationConfigServletWebServerApplicationContext@196c5535: startup date [Fri Dec 13 10:24:00 CST 2019]; root of context hierarchy
2019-12-13 10:24:59.445 INFO [Thread-9]o.s.context.support.DefaultLifecycleProcessor.stop:366 -Stopping beans in phase 2147483647
2019-12-13 10:24:59.505 INFO [Thread-9]o.s.jmx.export.annotation.AnnotationMBeanExporter.destroy:451 -Unregistering JMX-exposed beans on shutdown
2019-12-13 10:24:59.505 INFO [Thread-9]o.s.jmx.export.annotation.AnnotationMBeanExporter.unregisterBeans:183 -Unregistering JMX-exposed beans
2019-12-13 10:25:01.635 INFO [restartedMain]com.example.demo.DemoApplication.logStarting:50 -Starting DemoApplication on DESKTOP-BRFCOML with PID 11924 (D:\Dream\SpringBoot\demo\target\classes started by leishen in D:\Dream\SpringBoot\demo)
2019-12-13 10:25:01.635 INFO [restartedMain]com.example.demo.DemoApplication.logStartupProfileInfo:663 -The following profiles are active: pro
2019-12-13 10:25:01.635 INFO [restartedMain]o.s.b.w.s.c.AnnotationConfigServletWebServerApplicationContext.prepareRefresh:590 -Refreshing org.springframework.boot.web.servlet.context.AnnotationConfigServletWebServerApplicationContext@ccf22aa: startup date [Fri Dec 13 10:25:01 CST 2019]; root of context hierarchy
2019-12-13 10:25:02.195 INFO [restartedMain]o.s.d.repository.config.RepositoryConfigurationDelegate.multipleStoresDetected:163 -Multiple Spring Data modules found, entering strict repository configuration mode!
2019-12-13 10:25:02.215 INFO [restartedMain]o.s.d.repository.config.RepositoryConfigurationDelegate.multipleStoresDetected:163 -Multiple Spring Data modules found, entering strict repository configuration mode!
2019-12-13 10:25:02.225 INFO [restartedMain]o.s.d.r.config.RepositoryConfigurationExtensionSupport.isStrictRepositoryCandidate:297 -Spring Data Redis - Could not safely identify store assignment for repository candidate interface com.example.demo.repository.ArticleRepository.
2019-12-13 10:25:02.315 INFO [restartedMain]o.s.c.s.PostProcessorRegistrationDelegate$BeanPostProcessorChecker.postProcessAfterInitialization:328 -Bean 'org.springframework.transaction.annotation.ProxyTransactionManagementConfiguration' of type [org.springframework.transaction.annotation.ProxyTransactionManagementConfiguration$$EnhancerBySpringCGLIB$$ffb39fc0] is not eligible for getting processed by all BeanPostProcessors (for example: not eligible for auto-proxying)
2019-12-13 10:25:02.605 INFO [restartedMain]o.s.boot.web.embedded.tomcat.TomcatWebServer.initialize:91 -Tomcat initialized with port(s): 8080 (http)
2019-12-13 10:25:02.605 INFO [restartedMain]org.apache.coyote.http11.Http11NioProtocol.log:180 -Initializing ProtocolHandler ["http-nio-8080"]
2019-12-13 10:25:02.605 INFO [restartedMain]org.apache.catalina.core.StandardService.log:180 -Starting service [Tomcat]
2019-12-13 10:25:02.605 INFO [restartedMain]org.apache.catalina.core.StandardEngine.log:180 -Starting Servlet Engine: Apache Tomcat/8.5.29
2019-12-13 10:25:02.655 INFO [localhost-startStop-1]o.a.catalina.core.ContainerBase.[Tomcat].[localhost].[/].log:180 -Initializing Spring embedded WebApplicationContext
2019-12-13 10:25:02.661 INFO [localhost-startStop-1]org.springframework.web.context.ContextLoader.prepareWebApplicationContext:285 -Root WebApplicationContext: initialization completed in 1026 ms
2019-12-13 10:25:02.833 INFO [localhost-startStop-1]org.elasticsearch.plugins.PluginsService.logPluginInfo:176 -no modules loaded
2019-12-13 10:25:02.833 INFO [localhost-startStop-1]org.elasticsearch.plugins.PluginsService.logPluginInfo:179 -loaded plugin [org.elasticsearch.index.reindex.ReindexPlugin]
2019-12-13 10:25:02.833 INFO [localhost-startStop-1]org.elasticsearch.plugins.PluginsService.logPluginInfo:179 -loaded plugin [org.elasticsearch.join.ParentJoinPlugin]
2019-12-13 10:25:02.833 INFO [localhost-startStop-1]org.elasticsearch.plugins.PluginsService.logPluginInfo:179 -loaded plugin [org.elasticsearch.percolator.PercolatorPlugin]
2019-12-13 10:25:02.833 INFO [localhost-startStop-1]org.elasticsearch.plugins.PluginsService.logPluginInfo:179 -loaded plugin [org.elasticsearch.script.mustache.MustachePlugin]
2019-12-13 10:25:02.833 INFO [localhost-startStop-1]org.elasticsearch.plugins.PluginsService.logPluginInfo:179 -loaded plugin [org.elasticsearch.transport.Netty3Plugin]
2019-12-13 10:25:02.833 INFO [localhost-startStop-1]org.elasticsearch.plugins.PluginsService.logPluginInfo:179 -loaded plugin [org.elasticsearch.transport.Netty4Plugin]
2019-12-13 10:25:02.853 INFO [localhost-startStop-1]o.s.data.elasticsearch.client.TransportClientFactoryBean.buildClient:98 -adding transport node : localhost:9300
2019-12-13 10:25:05.016 INFO [localhost-startStop-1]o.s.boot.web.servlet.ServletRegistrationBean.addRegistration:185 -Servlet dispatcherServlet mapped to [/]
2019-12-13 10:25:05.021 INFO [localhost-startStop-1]o.s.boot.web.servlet.ServletRegistrationBean.addRegistration:185 -Servlet userServlet mapped to [/userservlet]
2019-12-13 10:25:05.021 INFO [localhost-startStop-1]o.s.boot.web.servlet.FilterRegistrationBean.configure:244 -Mapping filter: 'characterEncodingFilter' to: [/*]
2019-12-13 10:25:05.022 INFO [localhost-startStop-1]o.s.boot.web.servlet.FilterRegistrationBean.configure:244 -Mapping filter: 'hiddenHttpMethodFilter' to: [/*]
2019-12-13 10:25:05.022 INFO [localhost-startStop-1]o.s.boot.web.servlet.FilterRegistrationBean.configure:244 -Mapping filter: 'httpPutFormContentFilter' to: [/*]
2019-12-13 10:25:05.022 INFO [localhost-startStop-1]o.s.boot.web.servlet.FilterRegistrationBean.configure:244 -Mapping filter: 'requestContextFilter' to: [/*]
2019-12-13 10:25:05.022 INFO [localhost-startStop-1]o.s.boot.web.servlet.FilterRegistrationBean.configure:244 -Mapping filter: 'httpTraceFilter' to: [/*]
2019-12-13 10:25:05.022 INFO [localhost-startStop-1]o.s.boot.web.servlet.FilterRegistrationBean.configure:244 -Mapping filter: 'webMvcMetricsFilter' to: [/*]
2019-12-13 10:25:05.204 INFO [restartedMain]o.s.web.servlet.handler.SimpleUrlHandlerMapping.registerHandler:373 -Mapped URL path [/**/favicon.ico] onto handler of type [class org.springframework.web.servlet.resource.ResourceHttpRequestHandler]
2019-12-13 10:25:05.304 INFO [restartedMain]o.s.w.s.m.method.annotation.RequestMappingHandlerAdapter.initControllerAdviceCache:574 -Looking for @ControllerAdvice: org.springframework.boot.web.servlet.context.AnnotationConfigServletWebServerApplicationContext@ccf22aa: startup date [Fri Dec 13 10:25:01 CST 2019]; root of context hierarchy
2019-12-13 10:25:05.314 INFO [restartedMain]o.s.w.s.m.method.annotation.RequestMappingHandlerMapping.register:547 -Mapped "{[/async/test2]}" onto public java.lang.Object com.example.demo.controller.AsyncTaskController.test2() throws java.lang.InterruptedException,java.util.concurrent.ExecutionException
2019-12-13 10:25:05.314 INFO [restartedMain]o.s.w.s.m.method.annotation.RequestMappingHandlerMapping.register:547 -Mapped "{[/async/test1]}" onto public java.lang.Object com.example.demo.controller.AsyncTaskController.test1() throws java.lang.InterruptedException
2019-12-13 10:25:05.314 INFO [restartedMain]o.s.w.s.m.method.annotation.RequestMappingHandlerMapping.register:547 -Mapped "{[/ext/test2]}" onto public java.lang.Object com.example.demo.controller.ExceptionController.test2()
2019-12-13 10:25:05.314 INFO [restartedMain]o.s.w.s.m.method.annotation.RequestMappingHandlerMapping.register:547 -Mapped "{[/ext/test1]}" onto public java.lang.Object com.example.demo.controller.ExceptionController.test1()
2019-12-13 10:25:05.314 INFO [restartedMain]o.s.w.s.m.method.annotation.RequestMappingHandlerMapping.register:547 -Mapped "{[/fm/index]}" onto public java.lang.Object com.example.demo.controller.FreemarkerController.index(org.springframework.ui.ModelMap)
2019-12-13 10:25:05.324 INFO [restartedMain]o.s.w.s.m.method.annotation.RequestMappingHandlerMapping.register:547 -Mapped "{[/get/test2],methods=[GET]}" onto public java.lang.String com.example.demo.controller.GetController.test2()
2019-12-13 10:25:05.324 INFO [restartedMain]o.s.w.s.m.method.annotation.RequestMappingHandlerMapping.register:547 -Mapped "{[/get/test1],methods=[GET]}" onto public java.lang.String com.example.demo.controller.GetController.test1()
2019-12-13 10:25:05.324 INFO [restartedMain]o.s.w.s.m.method.annotation.RequestMappingHandlerMapping.register:547 -Mapped "{[/get/headerinfo],methods=[GET]}" onto public java.lang.Object com.example.demo.controller.GetController.headerinfo(java.lang.String,java.lang.String)
2019-12-13 10:25:05.324 INFO [restartedMain]o.s.w.s.m.method.annotation.RequestMappingHandlerMapping.register:547 -Mapped "{[/get/test3],methods=[GET]}" onto public java.lang.Object com.example.demo.controller.GetController.test3(int,int)
2019-12-13 10:25:05.324 INFO [restartedMain]o.s.w.s.m.method.annotation.RequestMappingHandlerMapping.register:547 -Mapped "{[/get/{city_id}/{user_id}],methods=[GET]}" onto public java.lang.Object com.example.demo.controller.GetController.findUser(java.lang.String,java.lang.String)
2019-12-13 10:25:05.324 INFO [restartedMain]o.s.w.s.m.method.annotation.RequestMappingHandlerMapping.register:547 -Mapped "{[/get/saveuser],methods=[GET]}" onto public java.lang.Object com.example.demo.controller.GetController.savaUser(com.example.demo.domain.User)
2019-12-13 10:25:05.324 INFO [restartedMain]o.s.w.s.m.method.annotation.RequestMappingHandlerMapping.register:547 -Mapped "{[/get/requestparams],methods=[GET]}" onto public java.lang.Object com.example.demo.controller.GetController.requestparams(org.apache.catalina.servlet4preview.http.HttpServletRequest)
2019-12-13 10:25:05.324 INFO [restartedMain]o.s.w.s.m.method.annotation.RequestMappingHandlerMapping.register:547 -Mapped "{[/]}" onto public java.lang.String com.example.demo.controller.HelloController.hello()
2019-12-13 10:25:05.324 INFO [restartedMain]o.s.w.s.m.method.annotation.RequestMappingHandlerMapping.register:547 -Mapped "{[/other/testjson],methods=[GET]}" onto public java.lang.Object com.example.demo.controller.OtherController.testjson()
2019-12-13 10:25:05.324 INFO [restartedMain]o.s.w.s.m.method.annotation.RequestMappingHandlerMapping.register:547 -Mapped "{[/sse/test],produces=[text/event-stream;charset=UTF-8]}" onto public java.lang.Object com.example.demo.controller.ServerSendEventController.test() throws java.lang.InterruptedException
2019-12-13 10:25:05.324 INFO [restartedMain]o.s.w.s.m.method.annotation.RequestMappingHandlerMapping.register:547 -Mapped "{[/index]}" onto public java.lang.String com.example.demo.controller.ThymeleafController.index(org.springframework.ui.Model)
2019-12-13 10:25:05.324 INFO [restartedMain]o.s.w.s.m.method.annotation.RequestMappingHandlerMapping.register:547 -Mapped "{[/upload],methods=[POST]}" onto public java.lang.Object com.example.demo.controller.UploadController.upload(org.springframework.web.multipart.MultipartFile,javax.servlet.http.HttpServletRequest)
2019-12-13 10:25:05.324 INFO [restartedMain]o.s.w.s.m.method.annotation.RequestMappingHandlerMapping.register:547 -Mapped "{[/user/add],methods=[POST]}" onto public java.lang.Object com.example.demo.controller.UserController.add(com.example.demo.entity.User)
2019-12-13 10:25:05.324 INFO [restartedMain]o.s.w.s.m.method.annotation.RequestMappingHandlerMapping.register:547 -Mapped "{[/user/update],methods=[POST]}" onto public java.lang.Object com.example.demo.controller.UserController.update(com.example.demo.entity.User)
2019-12-13 10:25:05.324 INFO [restartedMain]o.s.w.s.m.method.annotation.RequestMappingHandlerMapping.register:547 -Mapped "{[/user/delete],methods=[POST]}" onto public java.lang.Object com.example.demo.controller.UserController.delete(long)
2019-12-13 10:25:05.324 INFO [restartedMain]o.s.w.s.m.method.annotation.RequestMappingHandlerMapping.register:547 -Mapped "{[/user/findAll]}" onto public java.lang.Object com.example.demo.controller.UserController.findAll()
2019-12-13 10:25:05.324 INFO [restartedMain]o.s.w.s.m.method.annotation.RequestMappingHandlerMapping.register:547 -Mapped "{[/user/findById]}" onto public java.lang.Object com.example.demo.controller.UserController.findById(long)
2019-12-13 10:25:05.324 INFO [restartedMain]o.s.w.s.m.method.annotation.RequestMappingHandlerMapping.register:547 -Mapped "{[/webflux/test2],methods=[GET]}" onto public reactor.core.publisher.Flux<com.example.demo.domain.User> com.example.demo.controller.WebFluxController.test2()
2019-12-13 10:25:05.334 INFO [restartedMain]o.s.w.s.m.method.annotation.RequestMappingHandlerMapping.register:547 -Mapped "{[/webflux/test1],methods=[GET]}" onto public reactor.core.publisher.Mono<com.example.demo.domain.User> com.example.demo.controller.WebFluxController.test1()
2019-12-13 10:25:05.334 INFO [restartedMain]o.s.w.s.m.method.annotation.RequestMappingHandlerMapping.register:547 -Mapped "{[/webflux/test3],methods=[GET],produces=[application/stream+json]}" onto public reactor.core.publisher.Flux<com.example.demo.domain.User> com.example.demo.controller.WebFluxController.test3()
2019-12-13 10:25:05.334 INFO [restartedMain]o.s.w.s.m.method.annotation.RequestMappingHandlerMapping.register:547 -Mapped "{[/error]}" onto public org.springframework.http.ResponseEntity<java.util.Map<java.lang.String, java.lang.Object>> org.springframework.boot.autoconfigure.web.servlet.error.BasicErrorController.error(javax.servlet.http.HttpServletRequest)
2019-12-13 10:25:05.334 INFO [restartedMain]o.s.w.s.m.method.annotation.RequestMappingHandlerMapping.register:547 -Mapped "{[/error],produces=[text/html]}" onto public org.springframework.web.servlet.ModelAndView org.springframework.boot.autoconfigure.web.servlet.error.BasicErrorController.errorHtml(javax.servlet.http.HttpServletRequest,javax.servlet.http.HttpServletResponse)
2019-12-13 10:25:05.354 INFO [restartedMain]o.s.web.servlet.handler.SimpleUrlHandlerMapping.registerHandler:373 -Mapped URL path [/webjars/**] onto handler of type [class org.springframework.web.servlet.resource.ResourceHttpRequestHandler]
2019-12-13 10:25:05.354 INFO [restartedMain]o.s.web.servlet.handler.SimpleUrlHandlerMapping.registerHandler:373 -Mapped URL path [/**] onto handler of type [class org.springframework.web.servlet.resource.ResourceHttpRequestHandler]
2019-12-13 10:25:05.394 WARN [restartedMain]org.thymeleaf.templatemode.TemplateMode.parse:150 -[THYMELEAF][restartedMain] Template Mode 'HTML5' is deprecated. Using Template Mode 'HTML' instead.
2019-12-13 10:25:05.424 INFO [restartedMain]o.s.b.a.web.servlet.WelcomePageHandlerMapping.<init>:61 -Adding welcome page template: index
2019-12-13 10:25:05.574 INFO [restartedMain]o.s.web.servlet.view.freemarker.FreeMarkerConfigurer.postProcessTemplateLoaders:131 -ClassTemplateLoader for Spring macros added to FreeMarker configuration
2019-12-13 10:25:05.644 INFO [restartedMain]o.s.boot.devtools.autoconfigure.OptionalLiveReloadServer.startServer:57 -LiveReload server is running on port 35729
2019-12-13 10:25:05.654 INFO [restartedMain]o.s.boot.actuate.endpoint.web.EndpointLinksResolver.<init>:59 -Exposing 14 endpoint(s) beneath base path '/actuator'
2019-12-13 10:25:05.654 INFO [restartedMain]o.s.b.a.e.web.servlet.WebMvcEndpointHandlerMapping.register:547 -Mapped "{[/actuator/auditevents],methods=[GET],produces=[application/vnd.spring-boot.actuator.v2+json || application/json]}" onto public java.lang.Object org.springframework.boot.actuate.endpoint.web.servlet.AbstractWebMvcEndpointHandlerMapping$OperationHandler.handle(javax.servlet.http.HttpServletRequest,java.util.Map<java.lang.String, java.lang.String>)
2019-12-13 10:25:05.654 INFO [restartedMain]o.s.b.a.e.web.servlet.WebMvcEndpointHandlerMapping.register:547 -Mapped "{[/actuator/beans],methods=[GET],produces=[application/vnd.spring-boot.actuator.v2+json || application/json]}" onto public java.lang.Object org.springframework.boot.actuate.endpoint.web.servlet.AbstractWebMvcEndpointHandlerMapping$OperationHandler.handle(javax.servlet.http.HttpServletRequest,java.util.Map<java.lang.String, java.lang.String>)
2019-12-13 10:25:05.654 INFO [restartedMain]o.s.b.a.e.web.servlet.WebMvcEndpointHandlerMapping.register:547 -Mapped "{[/actuator/health],methods=[GET],produces=[application/vnd.spring-boot.actuator.v2+json || application/json]}" onto public java.lang.Object org.springframework.boot.actuate.endpoint.web.servlet.AbstractWebMvcEndpointHandlerMapping$OperationHandler.handle(javax.servlet.http.HttpServletRequest,java.util.Map<java.lang.String, java.lang.String>)
2019-12-13 10:25:05.654 INFO [restartedMain]o.s.b.a.e.web.servlet.WebMvcEndpointHandlerMapping.register:547 -Mapped "{[/actuator/conditions],methods=[GET],produces=[application/vnd.spring-boot.actuator.v2+json || application/json]}" onto public java.lang.Object org.springframework.boot.actuate.endpoint.web.servlet.AbstractWebMvcEndpointHandlerMapping$OperationHandler.handle(javax.servlet.http.HttpServletRequest,java.util.Map<java.lang.String, java.lang.String>)
2019-12-13 10:25:05.654 INFO [restartedMain]o.s.b.a.e.web.servlet.WebMvcEndpointHandlerMapping.register:547 -Mapped "{[/actuator/configprops],methods=[GET],produces=[application/vnd.spring-boot.actuator.v2+json || application/json]}" onto public java.lang.Object org.springframework.boot.actuate.endpoint.web.servlet.AbstractWebMvcEndpointHandlerMapping$OperationHandler.handle(javax.servlet.http.HttpServletRequest,java.util.Map<java.lang.String, java.lang.String>)
2019-12-13 10:25:05.664 INFO [restartedMain]o.s.b.a.e.web.servlet.WebMvcEndpointHandlerMapping.register:547 -Mapped "{[/actuator/env],methods=[GET],produces=[application/vnd.spring-boot.actuator.v2+json || application/json]}" onto public java.lang.Object org.springframework.boot.actuate.endpoint.web.servlet.AbstractWebMvcEndpointHandlerMapping$OperationHandler.handle(javax.servlet.http.HttpServletRequest,java.util.Map<java.lang.String, java.lang.String>)
2019-12-13 10:25:05.664 INFO [restartedMain]o.s.b.a.e.web.servlet.WebMvcEndpointHandlerMapping.register:547 -Mapped "{[/actuator/env/{toMatch}],methods=[GET],produces=[application/vnd.spring-boot.actuator.v2+json || application/json]}" onto public java.lang.Object org.springframework.boot.actuate.endpoint.web.servlet.AbstractWebMvcEndpointHandlerMapping$OperationHandler.handle(javax.servlet.http.HttpServletRequest,java.util.Map<java.lang.String, java.lang.String>)
2019-12-13 10:25:05.664 INFO [restartedMain]o.s.b.a.e.web.servlet.WebMvcEndpointHandlerMapping.register:547 -Mapped "{[/actuator/info],methods=[GET],produces=[application/vnd.spring-boot.actuator.v2+json || application/json]}" onto public java.lang.Object org.springframework.boot.actuate.endpoint.web.servlet.AbstractWebMvcEndpointHandlerMapping$OperationHandler.handle(javax.servlet.http.HttpServletRequest,java.util.Map<java.lang.String, java.lang.String>)
2019-12-13 10:25:05.664 INFO [restartedMain]o.s.b.a.e.web.servlet.WebMvcEndpointHandlerMapping.register:547 -Mapped "{[/actuator/loggers],methods=[GET],produces=[application/vnd.spring-boot.actuator.v2+json || application/json]}" onto public java.lang.Object org.springframework.boot.actuate.endpoint.web.servlet.AbstractWebMvcEndpointHandlerMapping$OperationHandler.handle(javax.servlet.http.HttpServletRequest,java.util.Map<java.lang.String, java.lang.String>)
2019-12-13 10:25:05.664 INFO [restartedMain]o.s.b.a.e.web.servlet.WebMvcEndpointHandlerMapping.register:547 -Mapped "{[/actuator/loggers/{name}],methods=[POST],consumes=[application/vnd.spring-boot.actuator.v2+json || application/json]}" onto public java.lang.Object org.springframework.boot.actuate.endpoint.web.servlet.AbstractWebMvcEndpointHandlerMapping$OperationHandler.handle(javax.servlet.http.HttpServletRequest,java.util.Map<java.lang.String, java.lang.String>)
2019-12-13 10:25:05.664 INFO [restartedMain]o.s.b.a.e.web.servlet.WebMvcEndpointHandlerMapping.register:547 -Mapped "{[/actuator/loggers/{name}],methods=[GET],produces=[application/vnd.spring-boot.actuator.v2+json || application/json]}" onto public java.lang.Object org.springframework.boot.actuate.endpoint.web.servlet.AbstractWebMvcEndpointHandlerMapping$OperationHandler.handle(javax.servlet.http.HttpServletRequest,java.util.Map<java.lang.String, java.lang.String>)
2019-12-13 10:25:05.664 INFO [restartedMain]o.s.b.a.e.web.servlet.WebMvcEndpointHandlerMapping.register:547 -Mapped "{[/actuator/heapdump],methods=[GET],produces=[application/octet-stream]}" onto public java.lang.Object org.springframework.boot.actuate.endpoint.web.servlet.AbstractWebMvcEndpointHandlerMapping$OperationHandler.handle(javax.servlet.http.HttpServletRequest,java.util.Map<java.lang.String, java.lang.String>)
2019-12-13 10:25:05.664 INFO [restartedMain]o.s.b.a.e.web.servlet.WebMvcEndpointHandlerMapping.register:547 -Mapped "{[/actuator/threaddump],methods=[GET],produces=[application/vnd.spring-boot.actuator.v2+json || application/json]}" onto public java.lang.Object org.springframework.boot.actuate.endpoint.web.servlet.AbstractWebMvcEndpointHandlerMapping$OperationHandler.handle(javax.servlet.http.HttpServletRequest,java.util.Map<java.lang.String, java.lang.String>)
2019-12-13 10:25:05.664 INFO [restartedMain]o.s.b.a.e.web.servlet.WebMvcEndpointHandlerMapping.register:547 -Mapped "{[/actuator/metrics/{requiredMetricName}],methods=[GET],produces=[application/vnd.spring-boot.actuator.v2+json || application/json]}" onto public java.lang.Object org.springframework.boot.actuate.endpoint.web.servlet.AbstractWebMvcEndpointHandlerMapping$OperationHandler.handle(javax.servlet.http.HttpServletRequest,java.util.Map<java.lang.String, java.lang.String>)
2019-12-13 10:25:05.664 INFO [restartedMain]o.s.b.a.e.web.servlet.WebMvcEndpointHandlerMapping.register:547 -Mapped "{[/actuator/metrics],methods=[GET],produces=[application/vnd.spring-boot.actuator.v2+json || application/json]}" onto public java.lang.Object org.springframework.boot.actuate.endpoint.web.servlet.AbstractWebMvcEndpointHandlerMapping$OperationHandler.handle(javax.servlet.http.HttpServletRequest,java.util.Map<java.lang.String, java.lang.String>)
2019-12-13 10:25:05.664 INFO [restartedMain]o.s.b.a.e.web.servlet.WebMvcEndpointHandlerMapping.register:547 -Mapped "{[/actuator/scheduledtasks],methods=[GET],produces=[application/vnd.spring-boot.actuator.v2+json || application/json]}" onto public java.lang.Object org.springframework.boot.actuate.endpoint.web.servlet.AbstractWebMvcEndpointHandlerMapping$OperationHandler.handle(javax.servlet.http.HttpServletRequest,java.util.Map<java.lang.String, java.lang.String>)
2019-12-13 10:25:05.664 INFO [restartedMain]o.s.b.a.e.web.servlet.WebMvcEndpointHandlerMapping.register:547 -Mapped "{[/actuator/httptrace],methods=[GET],produces=[application/vnd.spring-boot.actuator.v2+json || application/json]}" onto public java.lang.Object org.springframework.boot.actuate.endpoint.web.servlet.AbstractWebMvcEndpointHandlerMapping$OperationHandler.handle(javax.servlet.http.HttpServletRequest,java.util.Map<java.lang.String, java.lang.String>)
2019-12-13 10:25:05.664 INFO [restartedMain]o.s.b.a.e.web.servlet.WebMvcEndpointHandlerMapping.register:547 -Mapped "{[/actuator/mappings],methods=[GET],produces=[application/vnd.spring-boot.actuator.v2+json || application/json]}" onto public java.lang.Object org.springframework.boot.actuate.endpoint.web.servlet.AbstractWebMvcEndpointHandlerMapping$OperationHandler.handle(javax.servlet.http.HttpServletRequest,java.util.Map<java.lang.String, java.lang.String>)
2019-12-13 10:25:05.664 INFO [restartedMain]o.s.b.a.e.web.servlet.WebMvcEndpointHandlerMapping.register:547 -Mapped "{[/actuator],methods=[GET],produces=[application/vnd.spring-boot.actuator.v2+json || application/json]}" onto protected java.util.Map<java.lang.String, java.util.Map<java.lang.String, org.springframework.boot.actuate.endpoint.web.Link>> org.springframework.boot.actuate.endpoint.web.servlet.WebMvcEndpointHandlerMapping.links(javax.servlet.http.HttpServletRequest,javax.servlet.http.HttpServletResponse)
2019-12-13 10:25:05.704 INFO [restartedMain]o.s.jmx.export.annotation.AnnotationMBeanExporter.afterSingletonsInstantiated:433 -Registering beans for JMX exposure on startup
2019-12-13 10:25:05.714 INFO [restartedMain]o.s.jmx.export.annotation.AnnotationMBeanExporter.autodetect:895 -Bean with name 'dataSource' has been autodetected for JMX exposure
2019-12-13 10:25:05.714 INFO [restartedMain]o.s.jmx.export.annotation.AnnotationMBeanExporter.registerBeanInstance:668 -Located MBean 'dataSource': registering with JMX server as MBean [com.alibaba.druid.pool:name=dataSource,type=DruidDataSource]
2019-12-13 10:25:05.724 INFO [restartedMain]o.s.context.support.DefaultLifecycleProcessor.start:351 -Starting beans in phase 2147483647
2019-12-13 10:25:05.734 INFO [restartedMain]org.apache.coyote.http11.Http11NioProtocol.log:180 -Starting ProtocolHandler ["http-nio-8080"]
2019-12-13 10:25:05.734 INFO [restartedMain]org.apache.tomcat.util.net.NioSelectorPool.log:180 -Using a shared selector for servlet write/read
2019-12-13 10:25:05.734 INFO [restartedMain]o.s.boot.web.embedded.tomcat.TomcatWebServer.start:206 -Tomcat started on port(s): 8080 (http) with context path ''
2019-12-13 10:25:05.734 INFO [restartedMain]com.example.demo.DemoApplication.logStarted:59 -Started DemoApplication in 4.154 seconds (JVM running for 66.983)
2019-12-13 10:25:05.744 INFO [restartedMain]o.s.b.d.a.ConditionEvaluationDeltaLoggingListener.onApplicationEvent:56 -Condition evaluation unchanged
